<?xml version="1.0" encoding="UTF-8" standalone="yes"?>
<ns2:test-suite start="1551037891742" stop="1551037896607" version="1.5.4" xmlns:ns2="urn:model.allure.qatools.yandex.ru">
    <name>Suite1 : Group</name>
    <title>Suite1 : Group</title>
    <test-cases>
        <test-case start="1551037893232" stop="1551037895224" status="failed">
            <name>testGroupModification</name>
            <failure>
                <message>AssertionError: 
Expected: &lt;[GroupData{name='test 6', id='8'}, GroupData{name='test 2', id='4'}, GroupData{name='test 3', id='5'}, GroupData{name='test 0', id='2'}, GroupData{name='test 1', id='3'}, GroupData{name='test13378', id='1'}, GroupData{name='test2', id='9'}, GroupData{name='test13378', id='6'}, GroupData{name='test 5', id='15'}, GroupData{name='test 3', id='13'}, GroupData{name='test 4', id='14'}, GroupData{name='test13378', id='7'}, GroupData{name='test 1', id='11'}, GroupData{name='test 2', id='12'}]&gt;
     but: was &lt;[GroupData{name='test 5', id='7'}, GroupData{name='test 6', id='8'}, GroupData{name='test 2', id='4'}, GroupData{name='test 3', id='5'}, GroupData{name='test 0', id='2'}, GroupData{name='test 1', id='3'}, GroupData{name='test13378', id='1'}, GroupData{name='test2', id='9'}, GroupData{name='test13378', id='6'}, GroupData{name='test 5', id='15'}, GroupData{name='test 3', id='13'}, GroupData{name='test 4', id='14'}, GroupData{name='test 1', id='11'}, GroupData{name='test 2', id='12'}]&gt;</message>
                <stack-trace>java.lang.AssertionError: 
Expected: &lt;[GroupData{name='test 6', id='8'}, GroupData{name='test 2', id='4'}, GroupData{name='test 3', id='5'}, GroupData{name='test 0', id='2'}, GroupData{name='test 1', id='3'}, GroupData{name='test13378', id='1'}, GroupData{name='test2', id='9'}, GroupData{name='test13378', id='6'}, GroupData{name='test 5', id='15'}, GroupData{name='test 3', id='13'}, GroupData{name='test 4', id='14'}, GroupData{name='test13378', id='7'}, GroupData{name='test 1', id='11'}, GroupData{name='test 2', id='12'}]&gt;
     but: was &lt;[GroupData{name='test 5', id='7'}, GroupData{name='test 6', id='8'}, GroupData{name='test 2', id='4'}, GroupData{name='test 3', id='5'}, GroupData{name='test 0', id='2'}, GroupData{name='test 1', id='3'}, GroupData{name='test13378', id='1'}, GroupData{name='test2', id='9'}, GroupData{name='test13378', id='6'}, GroupData{name='test 5', id='15'}, GroupData{name='test 3', id='13'}, GroupData{name='test 4', id='14'}, GroupData{name='test 1', id='11'}, GroupData{name='test 2', id='12'}]&gt;
	at org.hamcrest.MatcherAssert.assertThat(MatcherAssert.java:18)
	at org.hamcrest.MatcherAssert.assertThat(MatcherAssert.java:6)
	at ru.alksndr.software.testing.addressbook.tests.GroupModificationTests.testGroupModification(GroupModificationTests.java:32)
	at java.base/jdk.internal.reflect.NativeMethodAccessorImpl.invoke0(Native Method)
	at java.base/jdk.internal.reflect.NativeMethodAccessorImpl.invoke(NativeMethodAccessorImpl.java:62)
	at java.base/jdk.internal.reflect.DelegatingMethodAccessorImpl.invoke(DelegatingMethodAccessorImpl.java:43)
	at java.base/java.lang.reflect.Method.invoke(Method.java:564)
	at org.testng.internal.MethodInvocationHelper.invokeMethod(MethodInvocationHelper.java:124)
	at org.testng.internal.Invoker.invokeMethod(Invoker.java:583)
	at org.testng.internal.Invoker.invokeTestMethod(Invoker.java:719)
	at org.testng.internal.Invoker.invokeTestMethods(Invoker.java:989)
	at org.testng.internal.TestMethodWorker.invokeTestMethods(TestMethodWorker.java:125)
	at org.testng.internal.TestMethodWorker.run(TestMethodWorker.java:109)
	at org.testng.TestRunner.privateRun(TestRunner.java:648)
	at org.testng.TestRunner.run(TestRunner.java:505)
	at org.testng.SuiteRunner.runTest(SuiteRunner.java:455)
	at org.testng.SuiteRunner.runSequentially(SuiteRunner.java:450)
	at org.testng.SuiteRunner.privateRun(SuiteRunner.java:415)
	at org.testng.SuiteRunner.run(SuiteRunner.java:364)
	at org.testng.SuiteRunnerWorker.runSuite(SuiteRunnerWorker.java:52)
	at org.testng.SuiteRunnerWorker.run(SuiteRunnerWorker.java:84)
	at org.testng.TestNG.runSuitesSequentially(TestNG.java:1208)
	at org.testng.TestNG.runSuitesLocally(TestNG.java:1137)
	at org.testng.TestNG.runSuites(TestNG.java:1049)
	at org.testng.TestNG.run(TestNG.java:1017)
	at org.gradle.api.internal.tasks.testing.testng.TestNGTestClassProcessor.runTests(TestNGTestClassProcessor.java:139)
	at org.gradle.api.internal.tasks.testing.testng.TestNGTestClassProcessor.stop(TestNGTestClassProcessor.java:89)
	at org.gradle.api.internal.tasks.testing.SuiteTestClassProcessor.stop(SuiteTestClassProcessor.java:61)
	at java.base/jdk.internal.reflect.NativeMethodAccessorImpl.invoke0(Native Method)
	at java.base/jdk.internal.reflect.NativeMethodAccessorImpl.invoke(NativeMethodAccessorImpl.java:62)
	at java.base/jdk.internal.reflect.DelegatingMethodAccessorImpl.invoke(DelegatingMethodAccessorImpl.java:43)
	at java.base/java.lang.reflect.Method.invoke(Method.java:564)
	at org.gradle.internal.dispatch.ReflectionDispatch.dispatch(ReflectionDispatch.java:35)
	at org.gradle.internal.dispatch.ReflectionDispatch.dispatch(ReflectionDispatch.java:24)
	at org.gradle.internal.dispatch.ContextClassLoaderDispatch.dispatch(ContextClassLoaderDispatch.java:32)
	at org.gradle.internal.dispatch.ProxyDispatchAdapter$DispatchingInvocationHandler.invoke(ProxyDispatchAdapter.java:93)
	at com.sun.proxy.$Proxy2.stop(Unknown Source)
	at org.gradle.api.internal.tasks.testing.worker.TestWorker.stop(TestWorker.java:131)
	at java.base/jdk.internal.reflect.NativeMethodAccessorImpl.invoke0(Native Method)
	at java.base/jdk.internal.reflect.NativeMethodAccessorImpl.invoke(NativeMethodAccessorImpl.java:62)
	at java.base/jdk.internal.reflect.DelegatingMethodAccessorImpl.invoke(DelegatingMethodAccessorImpl.java:43)
	at java.base/java.lang.reflect.Method.invoke(Method.java:564)
	at org.gradle.internal.dispatch.ReflectionDispatch.dispatch(ReflectionDispatch.java:35)
	at org.gradle.internal.dispatch.ReflectionDispatch.dispatch(ReflectionDispatch.java:24)
	at org.gradle.internal.remote.internal.hub.MessageHubBackedObjectConnection$DispatchWrapper.dispatch(MessageHubBackedObjectConnection.java:155)
	at org.gradle.internal.remote.internal.hub.MessageHubBackedObjectConnection$DispatchWrapper.dispatch(MessageHubBackedObjectConnection.java:137)
	at org.gradle.internal.remote.internal.hub.MessageHub$Handler.run(MessageHub.java:404)
	at org.gradle.internal.concurrent.ExecutorPolicy$CatchAndRecordFailures.onExecute(ExecutorPolicy.java:63)
	at org.gradle.internal.concurrent.ManagedExecutorImpl$1.run(ManagedExecutorImpl.java:46)
	at java.base/java.util.concurrent.ThreadPoolExecutor.runWorker(ThreadPoolExecutor.java:1167)
	at java.base/java.util.concurrent.ThreadPoolExecutor$Worker.run(ThreadPoolExecutor.java:641)
	at org.gradle.internal.concurrent.ThreadFactoryImpl$ManagedThreadRunnable.run(ThreadFactoryImpl.java:55)
	at java.base/java.lang.Thread.run(Thread.java:844)
</stack-trace>
            </failure>
            <steps/>
            <attachments>
                <attachment title="Page screenshot" source="870fb386-c7aa-4ace-a65f-25e279cae375-attachment.png" type="image/png"/>
            </attachments>
            <labels>
                <label name="testSuite" value="Suite1"/>
                <label name="testGroup" value="Group"/>
                <label name="testClass" value="ru.alksndr.software.testing.addressbook.tests.GroupModificationTests"/>
                <label name="testMethod" value="testGroupModification"/>
                <label name="host" value="iMac-ALEXANDR.local"/>
                <label name="thread" value="7356@iMac-ALEXANDR.local.Test worker(12)"/>
            </labels>
        </test-case>
        <test-case start="1551037895859" stop="1551037896602" status="passed">
            <name>testGroupDeletion</name>
            <steps/>
            <attachments/>
            <labels>
                <label name="testSuite" value="Suite1"/>
                <label name="testGroup" value="Group"/>
                <label name="testClass" value="ru.alksndr.software.testing.addressbook.tests.GroupDeletionTests"/>
                <label name="testMethod" value="testGroupDeletion"/>
                <label name="host" value="iMac-ALEXANDR.local"/>
                <label name="thread" value="7356@iMac-ALEXANDR.local.Test worker(12)"/>
            </labels>
        </test-case>
    </test-cases>
    <labels>
        <label name="framework" value="TestNG"/>
        <label name="language" value="JAVA"/>
    </labels>
</ns2:test-suite>
